Using pre-set license
Built from '2020.2/release' branch; Version is '2020.2.1f1 (270dd8c3da1c) revision 2559448'; Using compiler version '192528614'; Build Type 'Release'
OS: 'Windows 10  (10.0.0) 64bit' Language: 'en' Physical Memory: 32718 MB
BatchMode: 1, IsHumanControllingUs: 0, StartBugReporterOnCrash: 0, Is64bit: 1, IsPro: 0

 COMMAND LINE ARGUMENTS:
C:\Program Files\Unity\Hub\Editor\2020.2.1f1\Editor\Unity.exe
-adb2
-batchMode
-noUpm
-name
AssetImportWorker0
-projectPath
C:/Users/Ben/Programming/ozymandias
-logFile
Logs/AssetImportWorker0.log
-srvPort
56501
Successfully changed project path to: C:/Users/Ben/Programming/ozymandias
C:/Users/Ben/Programming/ozymandias
Using Asset Import Pipeline V2.
Refreshing native plugins compatible for Editor in 49.96 ms, found 0 plugins.
Preloading 0 native plugins for Editor in 0.00 ms.
Initialize engine version: 2020.2.1f1 (270dd8c3da1c)
[Subsystems] Discovering subsystems at path C:/Program Files/Unity/Hub/Editor/2020.2.1f1/Editor/Data/Resources/UnitySubsystems
[Subsystems] Discovering subsystems at path C:/Users/Ben/Programming/ozymandias/Assets
GfxDevice: creating device client; threaded=0
Direct3D:
    Version:  Direct3D 11.0 [level 11.1]
    Renderer: NVIDIA GeForce GTX 970 (ID=0x13c2)
    Vendor:   
    VRAM:     4043 MB
    Driver:   26.21.14.3200
Initialize mono
Mono path[0] = 'C:/Program Files/Unity/Hub/Editor/2020.2.1f1/Editor/Data/Managed'
Mono path[1] = 'C:/Program Files/Unity/Hub/Editor/2020.2.1f1/Editor/Data/MonoBleedingEdge/lib/mono/unityjit'
Mono config path = 'C:/Program Files/Unity/Hub/Editor/2020.2.1f1/Editor/Data/MonoBleedingEdge/etc'
Using monoOptions --debugger-agent=transport=dt_socket,embedding=1,server=y,suspend=n,address=127.0.0.1:56396
Begin MonoManager ReloadAssembly
Registering precompiled unity dll's ...
Register platform support module: C:/Program Files/Unity/Hub/Editor/2020.2.1f1/Editor/Data/PlaybackEngines/WindowsStandaloneSupport/UnityEditor.WindowsStandalone.Extensions.dll
Registered in 0.001433 seconds.
Native extension for WindowsStandalone target not found
Refreshing native plugins compatible for Editor in 52.14 ms, found 0 plugins.
Preloading 0 native plugins for Editor in 0.00 ms.
Invoked RoslynAnalysisRunner static constructor.
RoslynAnalysisRunner will not be running.
RoslynAnalysisRunner has terminated.
Mono: successfully reloaded assembly
- Completed reload, in  0.810 seconds
Platform modules already initialized, skipping
Registering precompiled user dll's ...
Registered in 0.002271 seconds.
Begin MonoManager ReloadAssembly
Native extension for WindowsStandalone target not found
Refreshing native plugins compatible for Editor in 0.63 ms, found 0 plugins.
Preloading 0 native plugins for Editor in 0.00 ms.
Invoked RoslynAnalysisRunner static constructor.
RoslynAnalysisRunner will not be running.
RoslynAnalysisRunner has terminated.
Mono: successfully reloaded assembly
- Completed reload, in  0.830 seconds
Platform modules already initialized, skipping
========================================================================
Worker process is ready to serve import requests
Launched and connected shader compiler UnityShaderCompiler.exe after 0.03 seconds
Refreshing native plugins compatible for Editor in 1.09 ms, found 0 plugins.
Preloading 0 native plugins for Editor in 0.00 ms.
Unloading 2192 Unused Serialized files (Serialized files now loaded: 0)
System memory in use before: 173.1 MB.
System memory in use after: 173.2 MB.

Unloading 14 unused Assets to reduce memory usage. Loaded Objects now: 2645.
Total: 2.518800 ms (FindLiveObjects: 0.352300 ms CreateObjectMapping: 0.056400 ms MarkObjects: 2.020700 ms  DeleteObjects: 0.088000 ms)

========================================================================
Received Import Request.
  path: Assets/Global.mixer
  artifactKey: Guid(6a36d648ffba74fbdbe9ec7f4e8d843a) Importer(815301076,1909f56bfc062723c751e8b465ee728b)
Start importing Assets/Global.mixer using Guid(6a36d648ffba74fbdbe9ec7f4e8d843a) Importer(815301076,1909f56bfc062723c751e8b465ee728b)  -> (artifact id: '394dc0756f9aa686f6a414e75d0e8f98') in 0.027967 seconds
  Import took 0.031854 seconds .

========================================================================
Received Import Request.
  Time since last request: 0.000250 seconds.
  path: Assets/Editor
  artifactKey: Guid(c8e3dc62f54399f4fabf8b12e05657dd) Importer(815301076,1909f56bfc062723c751e8b465ee728b)
Start importing Assets/Editor using Guid(c8e3dc62f54399f4fabf8b12e05657dd) Importer(815301076,1909f56bfc062723c751e8b465ee728b)  -> (artifact id: '072b351c08398961b049d58a1d6d1b86') in 0.002397 seconds
  Import took 0.005272 seconds .

========================================================================
Received Import Request.
  Time since last request: 36.828838 seconds.
  path: Assets/Editor/GenericDictionaryPropertyDrawer.cs
  artifactKey: Guid(aab74a5303c734d4294c03df58923b86) Importer(815301076,1909f56bfc062723c751e8b465ee728b)
Start importing Assets/Editor/GenericDictionaryPropertyDrawer.cs using Guid(aab74a5303c734d4294c03df58923b86) Importer(815301076,1909f56bfc062723c751e8b465ee728b)  -> (artifact id: 'eca3105bb7412bdbe825bf1cf3d17343') in 0.005180 seconds
  Import took 0.008898 seconds .

========================================================================
Received Import Request.
  Time since last request: 0.005726 seconds.
  path: Assets/Editor/GenericDictionaryPropertyDrawer.cs
  artifactKey: Guid(aab74a5303c734d4294c03df58923b86) Importer(815301076,1909f56bfc062723c751e8b465ee728b)
Start importing Assets/Editor/GenericDictionaryPropertyDrawer.cs using Guid(aab74a5303c734d4294c03df58923b86) Importer(815301076,1909f56bfc062723c751e8b465ee728b)  -> (artifact id: 'eca3105bb7412bdbe825bf1cf3d17343') in 0.002157 seconds
  Import took 0.005441 seconds .

========================================================================
Received Prepare
Registering precompiled user dll's ...
Registered in 0.002286 seconds.
Begin MonoManager ReloadAssembly
Native extension for WindowsStandalone target not found
Refreshing native plugins compatible for Editor in 0.61 ms, found 0 plugins.
Preloading 0 native plugins for Editor in 0.00 ms.
Invoked RoslynAnalysisRunner static constructor.
RoslynAnalysisRunner will not be running.
RoslynAnalysisRunner has terminated.
Mono: successfully reloaded assembly
- Completed reload, in  0.773 seconds
Platform modules already initialized, skipping
Refreshing native plugins compatible for Editor in 0.66 ms, found 0 plugins.
Preloading 0 native plugins for Editor in 0.00 ms.
Unloading 2102 Unused Serialized files (Serialized files now loaded: 0)
System memory in use before: 167.6 MB.
System memory in use after: 167.7 MB.

Unloading 9 unused Assets to reduce memory usage. Loaded Objects now: 2648.
Total: 2.321300 ms (FindLiveObjects: 0.272100 ms CreateObjectMapping: 0.053400 ms MarkObjects: 1.973200 ms  DeleteObjects: 0.021500 ms)

========================================================================
Received Import Request.
  Time since last request: 26.278682 seconds.
  path: Assets/Editor/GenericDictionaryPropertyDrawer.cs
  artifactKey: Guid(aab74a5303c734d4294c03df58923b86) Importer(815301076,1909f56bfc062723c751e8b465ee728b)
Start importing Assets/Editor/GenericDictionaryPropertyDrawer.cs using Guid(aab74a5303c734d4294c03df58923b86) Importer(815301076,1909f56bfc062723c751e8b465ee728b)  -> (artifact id: '3074a0fd3676373015f049d42f4abde9') in 0.015288 seconds
  Import took 0.021041 seconds .

========================================================================
Received Import Request.
  Time since last request: 0.061160 seconds.
  path: Assets/Editor/GenericDictionaryPropertyDrawer.cs
  artifactKey: Guid(aab74a5303c734d4294c03df58923b86) Importer(815301076,1909f56bfc062723c751e8b465ee728b)
Start importing Assets/Editor/GenericDictionaryPropertyDrawer.cs using Guid(aab74a5303c734d4294c03df58923b86) Importer(815301076,1909f56bfc062723c751e8b465ee728b)  -> (artifact id: '3074a0fd3676373015f049d42f4abde9') in 0.002724 seconds
  Import took 0.007248 seconds .

========================================================================
Received Import Request.
  Time since last request: 7.906595 seconds.
  path: Assets/Editor/GenericDictionaryPropertyDrawer.cs
  artifactKey: Guid(aab74a5303c734d4294c03df58923b86) Importer(815301076,1909f56bfc062723c751e8b465ee728b)
Start importing Assets/Editor/GenericDictionaryPropertyDrawer.cs using Guid(aab74a5303c734d4294c03df58923b86) Importer(815301076,1909f56bfc062723c751e8b465ee728b)  -> (artifact id: '5ea09789673355682413185c792eec41') in 0.009859 seconds
  Import took 0.014862 seconds .

========================================================================
Received Import Request.
  Time since last request: 0.027906 seconds.
  path: Assets/Editor/GenericDictionaryPropertyDrawer.cs
  artifactKey: Guid(aab74a5303c734d4294c03df58923b86) Importer(815301076,1909f56bfc062723c751e8b465ee728b)
Start importing Assets/Editor/GenericDictionaryPropertyDrawer.cs using Guid(aab74a5303c734d4294c03df58923b86) Importer(815301076,1909f56bfc062723c751e8b465ee728b)  -> (artifact id: '5ea09789673355682413185c792eec41') in 0.019388 seconds
  Import took 0.024591 seconds .

========================================================================
Received Prepare
Registering precompiled user dll's ...
Registered in 0.002345 seconds.
Begin MonoManager ReloadAssembly
Native extension for WindowsStandalone target not found
Refreshing native plugins compatible for Editor in 0.63 ms, found 0 plugins.
Preloading 0 native plugins for Editor in 0.00 ms.
Invoked RoslynAnalysisRunner static constructor.
RoslynAnalysisRunner will not be running.
RoslynAnalysisRunner has terminated.
Mono: successfully reloaded assembly
- Completed reload, in  0.762 seconds
Platform modules already initialized, skipping
Refreshing native plugins compatible for Editor in 0.66 ms, found 0 plugins.
Preloading 0 native plugins for Editor in 0.00 ms.
Unloading 2103 Unused Serialized files (Serialized files now loaded: 0)
System memory in use before: 168.7 MB.
System memory in use after: 168.8 MB.

Unloading 9 unused Assets to reduce memory usage. Loaded Objects now: 2651.
Total: 3.477000 ms (FindLiveObjects: 0.473700 ms CreateObjectMapping: 0.081100 ms MarkObjects: 2.892000 ms  DeleteObjects: 0.028600 ms)

========================================================================
Received Prepare
Registering precompiled user dll's ...
Registered in 0.003071 seconds.
Begin MonoManager ReloadAssembly
Native extension for WindowsStandalone target not found
Refreshing native plugins compatible for Editor in 0.75 ms, found 0 plugins.
Preloading 0 native plugins for Editor in 0.00 ms.
Invoked RoslynAnalysisRunner static constructor.
RoslynAnalysisRunner will not be running.
RoslynAnalysisRunner has terminated.
Mono: successfully reloaded assembly
- Completed reload, in  0.878 seconds
Platform modules already initialized, skipping
Refreshing native plugins compatible for Editor in 0.62 ms, found 0 plugins.
Preloading 0 native plugins for Editor in 0.00 ms.
Unloading 2117 Unused Serialized files (Serialized files now loaded: 0)
System memory in use before: 169.3 MB.
System memory in use after: 169.4 MB.

Unloading 9 unused Assets to reduce memory usage. Loaded Objects now: 2667.
Total: 2.279800 ms (FindLiveObjects: 0.263200 ms CreateObjectMapping: 0.055000 ms MarkObjects: 1.942100 ms  DeleteObjects: 0.018300 ms)

========================================================================
Received Prepare
Registering precompiled user dll's ...
Registered in 0.002404 seconds.
Begin MonoManager ReloadAssembly
Native extension for WindowsStandalone target not found
Refreshing native plugins compatible for Editor in 0.65 ms, found 0 plugins.
Preloading 0 native plugins for Editor in 0.00 ms.
Invoked RoslynAnalysisRunner static constructor.
RoslynAnalysisRunner will not be running.
RoslynAnalysisRunner has terminated.
Mono: successfully reloaded assembly
- Completed reload, in  0.785 seconds
Platform modules already initialized, skipping
Refreshing native plugins compatible for Editor in 0.66 ms, found 0 plugins.
Preloading 0 native plugins for Editor in 0.00 ms.
Unloading 2118 Unused Serialized files (Serialized files now loaded: 0)
System memory in use before: 169.3 MB.
System memory in use after: 169.4 MB.

Unloading 9 unused Assets to reduce memory usage. Loaded Objects now: 2670.
Total: 2.294500 ms (FindLiveObjects: 0.291100 ms CreateObjectMapping: 0.059700 ms MarkObjects: 1.925400 ms  DeleteObjects: 0.016900 ms)

========================================================================
Received Prepare
Registering precompiled user dll's ...
Registered in 0.002951 seconds.
Begin MonoManager ReloadAssembly
Native extension for WindowsStandalone target not found
Refreshing native plugins compatible for Editor in 0.67 ms, found 0 plugins.
Preloading 0 native plugins for Editor in 0.00 ms.
Invoked RoslynAnalysisRunner static constructor.
RoslynAnalysisRunner will not be running.
RoslynAnalysisRunner has terminated.
Mono: successfully reloaded assembly
- Completed reload, in  0.810 seconds
Platform modules already initialized, skipping
Refreshing native plugins compatible for Editor in 0.87 ms, found 0 plugins.
Preloading 0 native plugins for Editor in 0.00 ms.
Unloading 2120 Unused Serialized files (Serialized files now loaded: 0)
System memory in use before: 169.3 MB.
System memory in use after: 169.5 MB.

Unloading 9 unused Assets to reduce memory usage. Loaded Objects now: 2674.
Total: 2.308300 ms (FindLiveObjects: 0.370100 ms CreateObjectMapping: 0.055000 ms MarkObjects: 1.865800 ms  DeleteObjects: 0.015800 ms)

========================================================================
Received Prepare
Registering precompiled user dll's ...
Registered in 0.002316 seconds.
Begin MonoManager ReloadAssembly
Native extension for WindowsStandalone target not found
Refreshing native plugins compatible for Editor in 0.63 ms, found 0 plugins.
Preloading 0 native plugins for Editor in 0.00 ms.
Invoked RoslynAnalysisRunner static constructor.
RoslynAnalysisRunner will not be running.
RoslynAnalysisRunner has terminated.
Mono: successfully reloaded assembly
- Completed reload, in  0.767 seconds
Platform modules already initialized, skipping
Refreshing native plugins compatible for Editor in 0.65 ms, found 0 plugins.
Preloading 0 native plugins for Editor in 0.00 ms.
Unloading 2121 Unused Serialized files (Serialized files now loaded: 0)
System memory in use before: 169.4 MB.
System memory in use after: 169.5 MB.

Unloading 9 unused Assets to reduce memory usage. Loaded Objects now: 2677.
Total: 2.629100 ms (FindLiveObjects: 0.374300 ms CreateObjectMapping: 0.195400 ms MarkObjects: 2.037000 ms  DeleteObjects: 0.021600 ms)

========================================================================
Received Prepare
Registering precompiled user dll's ...
Registered in 0.002619 seconds.
Begin MonoManager ReloadAssembly
Native extension for WindowsStandalone target not found
Refreshing native plugins compatible for Editor in 0.68 ms, found 0 plugins.
Preloading 0 native plugins for Editor in 0.00 ms.
Invoked RoslynAnalysisRunner static constructor.
RoslynAnalysisRunner will not be running.
RoslynAnalysisRunner has terminated.
Mono: successfully reloaded assembly
- Completed reload, in  0.848 seconds
Platform modules already initialized, skipping
Refreshing native plugins compatible for Editor in 0.86 ms, found 0 plugins.
Preloading 0 native plugins for Editor in 0.00 ms.
Unloading 2144 Unused Serialized files (Serialized files now loaded: 0)
System memory in use before: 170.1 MB.
System memory in use after: 170.2 MB.

Unloading 9 unused Assets to reduce memory usage. Loaded Objects now: 2708.
Total: 2.546800 ms (FindLiveObjects: 0.308200 ms CreateObjectMapping: 0.056800 ms MarkObjects: 2.158800 ms  DeleteObjects: 0.021800 ms)

========================================================================
Received Import Request.
  Time since last request: 532.632625 seconds.
  path: Assets/Events/Threat Events/Bandit Choice.asset
  artifactKey: Guid(f95e9e85a77f76d4e91bf992c937c7ce) Importer(815301076,1909f56bfc062723c751e8b465ee728b)
Start importing Assets/Events/Threat Events/Bandit Choice.asset using Guid(f95e9e85a77f76d4e91bf992c937c7ce) Importer(815301076,1909f56bfc062723c751e8b465ee728b)  -> (artifact id: '4562264fb643a3fbf8aeacd897cecfae') in 0.020022 seconds
  Import took 0.024044 seconds .

========================================================================
Received Import Request.
  Time since last request: 0.000247 seconds.
  path: Assets/Events/Threat Events/Santa.asset
  artifactKey: Guid(519ecb3994e69984c8c35edc8364118e) Importer(815301076,1909f56bfc062723c751e8b465ee728b)
Start importing Assets/Events/Threat Events/Santa.asset using Guid(519ecb3994e69984c8c35edc8364118e) Importer(815301076,1909f56bfc062723c751e8b465ee728b)  -> (artifact id: 'aa574856d56047492afec27253d32948') in 0.004688 seconds
  Import took 0.009031 seconds .

========================================================================
Received Import Request.
  Time since last request: 0.000278 seconds.
  path: Assets/Events/Threat Events/Marching Bandits.asset
  artifactKey: Guid(00ff60ae6a8cbde42ae48608adbacbf0) Importer(815301076,1909f56bfc062723c751e8b465ee728b)
Start importing Assets/Events/Threat Events/Marching Bandits.asset using Guid(00ff60ae6a8cbde42ae48608adbacbf0) Importer(815301076,1909f56bfc062723c751e8b465ee728b)  -> (artifact id: '401081986f58692bf0f5102555aff204') in 0.004051 seconds
  Import took 0.007332 seconds .

========================================================================
Received Import Request.
  Time since last request: 0.000183 seconds.
  path: Assets/Events/Threat Events/Crabs.asset
  artifactKey: Guid(53939f5c2c972c74796e9f218bd5f1dc) Importer(815301076,1909f56bfc062723c751e8b465ee728b)
Start importing Assets/Events/Threat Events/Crabs.asset using Guid(53939f5c2c972c74796e9f218bd5f1dc) Importer(815301076,1909f56bfc062723c751e8b465ee728b)  -> (artifact id: '10dea734bb06ca5e8406b87250e5bad7') in 0.004977 seconds
  Import took 0.009149 seconds .

========================================================================
Received Import Request.
  Time since last request: 0.000300 seconds.
  path: Assets/Events/Threat Events/Marching Bandits.asset
  artifactKey: Guid(00ff60ae6a8cbde42ae48608adbacbf0) Importer(815301076,1909f56bfc062723c751e8b465ee728b)
Start importing Assets/Events/Threat Events/Marching Bandits.asset using Guid(00ff60ae6a8cbde42ae48608adbacbf0) Importer(815301076,1909f56bfc062723c751e8b465ee728b)  -> (artifact id: '401081986f58692bf0f5102555aff204') in 0.003982 seconds
  Import took 0.008007 seconds .

========================================================================
Received Import Request.
  Time since last request: 0.000209 seconds.
  path: Assets/Events/Threat Events/Bandit Raid.asset
  artifactKey: Guid(638c21f602e1d8046aa476a2635dc385) Importer(815301076,1909f56bfc062723c751e8b465ee728b)
Start importing Assets/Events/Threat Events/Bandit Raid.asset using Guid(638c21f602e1d8046aa476a2635dc385) Importer(815301076,1909f56bfc062723c751e8b465ee728b)  -> (artifact id: '3e1671493bd2e9895137fca770645471') in 0.004123 seconds
  Import took 0.007084 seconds .

========================================================================
Received Import Request.
  Time since last request: 0.000274 seconds.
  path: Assets/Events/Threat Events/Merfolk.asset
  artifactKey: Guid(e3e65f0e5e4dc1543ac639ba1b58f34f) Importer(815301076,1909f56bfc062723c751e8b465ee728b)
Start importing Assets/Events/Threat Events/Merfolk.asset using Guid(e3e65f0e5e4dc1543ac639ba1b58f34f) Importer(815301076,1909f56bfc062723c751e8b465ee728b)  -> (artifact id: '410937c82368357b0c840f9afa460208') in 0.004195 seconds
  Import took 0.007515 seconds .

========================================================================
Received Import Request.
  Time since last request: 3.417020 seconds.
  path: Assets/Events/Flavour Events/Rat Rave.asset
  artifactKey: Guid(3ccb6dbe9de6cc2439af82f36a6324cf) Importer(815301076,1909f56bfc062723c751e8b465ee728b)
Start importing Assets/Events/Flavour Events/Rat Rave.asset using Guid(3ccb6dbe9de6cc2439af82f36a6324cf) Importer(815301076,1909f56bfc062723c751e8b465ee728b)  -> (artifact id: '486713fcae2752ae180bb8ba4bac200d') in 0.003716 seconds
  Import took 0.007319 seconds .

========================================================================
Received Import Request.
  Time since last request: 0.000260 seconds.
  path: Assets/Events/Flavour Events/Twin.asset
  artifactKey: Guid(053dcedc91c085d4d873fcd0d14cacd2) Importer(815301076,1909f56bfc062723c751e8b465ee728b)
Start importing Assets/Events/Flavour Events/Twin.asset using Guid(053dcedc91c085d4d873fcd0d14cacd2) Importer(815301076,1909f56bfc062723c751e8b465ee728b)  -> (artifact id: '29978da083a27535fbbf132f24893e04') in 0.005128 seconds
  Import took 0.008815 seconds .

========================================================================
Received Import Request.
  Time since last request: 0.000203 seconds.
  path: Assets/Events/Flavour Events/Stars.asset
  artifactKey: Guid(620a1a7c607d6874182e8e7fcd6b0a45) Importer(815301076,1909f56bfc062723c751e8b465ee728b)
Start importing Assets/Events/Flavour Events/Stars.asset using Guid(620a1a7c607d6874182e8e7fcd6b0a45) Importer(815301076,1909f56bfc062723c751e8b465ee728b)  -> (artifact id: '4c02e80eb3b97526d498e3dbfc841759') in 0.003585 seconds
  Import took 0.006634 seconds .

========================================================================
Received Import Request.
  Time since last request: 0.000263 seconds.
  path: Assets/Events/Flavour Events/Vampire Cosplay.asset
  artifactKey: Guid(7aa9d6d0a74a56e4bb9a77e6634a9b78) Importer(815301076,1909f56bfc062723c751e8b465ee728b)
Start importing Assets/Events/Flavour Events/Vampire Cosplay.asset using Guid(7aa9d6d0a74a56e4bb9a77e6634a9b78) Importer(815301076,1909f56bfc062723c751e8b465ee728b)  -> (artifact id: 'ff094592f917ffec176aedc92f5d2adf') in 0.003835 seconds
  Import took 0.007199 seconds .

========================================================================
Received Import Request.
  Time since last request: 0.000204 seconds.
  path: Assets/Events/Flavour Events/Tooth Fairy.asset
  artifactKey: Guid(b1de4280195969c4c8da2186c9987872) Importer(815301076,1909f56bfc062723c751e8b465ee728b)
Start importing Assets/Events/Flavour Events/Tooth Fairy.asset using Guid(b1de4280195969c4c8da2186c9987872) Importer(815301076,1909f56bfc062723c751e8b465ee728b)  -> (artifact id: 'a8aa9f29885cfc3e291305de1105be63') in 0.003595 seconds
  Import took 0.006383 seconds .

========================================================================
Received Import Request.
  Time since last request: 0.000217 seconds.
  path: Assets/Events/Flavour Events/Undead Diviner.asset
  artifactKey: Guid(5c83bc76057f4e24a908d9a91bd9cf91) Importer(815301076,1909f56bfc062723c751e8b465ee728b)
Start importing Assets/Events/Flavour Events/Undead Diviner.asset using Guid(5c83bc76057f4e24a908d9a91bd9cf91) Importer(815301076,1909f56bfc062723c751e8b465ee728b)  -> (artifact id: '609b545af1b23eb6c2479d33ed9119df') in 0.003891 seconds
  Import took 0.007368 seconds .

========================================================================
Received Import Request.
  Time since last request: 0.000225 seconds.
  path: Assets/Events/Flavour Events/Well Eye.asset
  artifactKey: Guid(f4bb95f35cff3e141b5c7137650838f3) Importer(815301076,1909f56bfc062723c751e8b465ee728b)
Start importing Assets/Events/Flavour Events/Well Eye.asset using Guid(f4bb95f35cff3e141b5c7137650838f3) Importer(815301076,1909f56bfc062723c751e8b465ee728b)  -> (artifact id: '1082c3c4592b9b8787c3afc9610383e3') in 0.004179 seconds
  Import took 0.007898 seconds .

========================================================================
Received Import Request.
  Time since last request: 27.612611 seconds.
  path: Assets/Events/Chaos Events/Werewolf/Hunt Granny Werewolf.asset
  artifactKey: Guid(3781b6ffb211f5c469475bd9d46fff0d) Importer(815301076,1909f56bfc062723c751e8b465ee728b)
Start importing Assets/Events/Chaos Events/Werewolf/Hunt Granny Werewolf.asset using Guid(3781b6ffb211f5c469475bd9d46fff0d) Importer(815301076,1909f56bfc062723c751e8b465ee728b)  -> (artifact id: '2f5f7df3b5f8dec05a5333dc824ac66b') in 0.004741 seconds
  Import took 0.008172 seconds .

========================================================================
Received Import Request.
  Time since last request: 0.000198 seconds.
  path: Assets/Events/Chaos Events/Werewolf/Werewolf 3.asset
  artifactKey: Guid(05ea716213229cb428b9b74753ded8ae) Importer(815301076,1909f56bfc062723c751e8b465ee728b)
Start importing Assets/Events/Chaos Events/Werewolf/Werewolf 3.asset using Guid(05ea716213229cb428b9b74753ded8ae) Importer(815301076,1909f56bfc062723c751e8b465ee728b)  -> (artifact id: '2685333a41c5a0da617607f3ccd6f6b2') in 0.004140 seconds
  Import took 0.006750 seconds .

========================================================================
Received Import Request.
  Time since last request: 0.000199 seconds.
  path: Assets/Events/Chaos Events/Werewolf/Werewolf 2.asset
  artifactKey: Guid(7834f964623290747b6e448ca7bef246) Importer(815301076,1909f56bfc062723c751e8b465ee728b)
Start importing Assets/Events/Chaos Events/Werewolf/Werewolf 2.asset using Guid(7834f964623290747b6e448ca7bef246) Importer(815301076,1909f56bfc062723c751e8b465ee728b)  -> (artifact id: '9e39dbe34264c32f099973419bf91cf6') in 0.010417 seconds
  Import took 0.013893 seconds .

========================================================================
Received Import Request.
  Time since last request: 0.000241 seconds.
  path: Assets/Events/Chaos Events/Werewolf/Werewolf 1.asset
  artifactKey: Guid(a4727774c1dcdf44eb5638e379bbe2d9) Importer(815301076,1909f56bfc062723c751e8b465ee728b)
Start importing Assets/Events/Chaos Events/Werewolf/Werewolf 1.asset using Guid(a4727774c1dcdf44eb5638e379bbe2d9) Importer(815301076,1909f56bfc062723c751e8b465ee728b)  -> (artifact id: '415c159b430a06ed774649238b26b90c') in 0.008340 seconds
  Import took 0.012272 seconds .

========================================================================
Received Import Request.
  Time since last request: 0.000221 seconds.
  path: Assets/Events/Chaos Events/Werewolf/Werewolf 4.asset
  artifactKey: Guid(69f2d6eb720a0f04e9d58908a3cd2339) Importer(815301076,1909f56bfc062723c751e8b465ee728b)
Start importing Assets/Events/Chaos Events/Werewolf/Werewolf 4.asset using Guid(69f2d6eb720a0f04e9d58908a3cd2339) Importer(815301076,1909f56bfc062723c751e8b465ee728b)  -> (artifact id: '144cb75fdddb1414ba32b424a3392342') in 0.004195 seconds
  Import took 0.007263 seconds .

========================================================================
Received Import Request.
  Time since last request: 8.198186 seconds.
  path: Assets/Events/Adventurer Spawns/Boring.asset
  artifactKey: Guid(be1318a1b305aa541ad23d62da5f5e59) Importer(815301076,1909f56bfc062723c751e8b465ee728b)
Start importing Assets/Events/Adventurer Spawns/Boring.asset using Guid(be1318a1b305aa541ad23d62da5f5e59) Importer(815301076,1909f56bfc062723c751e8b465ee728b)  -> (artifact id: '61ae162fadc3b4699fc5f9c36aeacc54') in 0.004214 seconds
  Import took 0.007786 seconds .

========================================================================
Received Import Request.
  Time since last request: 0.000291 seconds.
  path: Assets/Events/Adventurer Spawns/Kobolds 1.asset
  artifactKey: Guid(194bedbfad2589a4a81c53920ba36ffd) Importer(815301076,1909f56bfc062723c751e8b465ee728b)
Start importing Assets/Events/Adventurer Spawns/Kobolds 1.asset using Guid(194bedbfad2589a4a81c53920ba36ffd) Importer(815301076,1909f56bfc062723c751e8b465ee728b)  -> (artifact id: '5a2557ab4bbf47740c58d1457d2b14e9') in 0.004608 seconds
  Import took 0.008541 seconds .

========================================================================
Received Import Request.
  Time since last request: 0.000218 seconds.
  path: Assets/Events/Adventurer Spawns/Magic Orb.asset
  artifactKey: Guid(a71aeeb56b784cb47916269a090e8837) Importer(815301076,1909f56bfc062723c751e8b465ee728b)
Start importing Assets/Events/Adventurer Spawns/Magic Orb.asset using Guid(a71aeeb56b784cb47916269a090e8837) Importer(815301076,1909f56bfc062723c751e8b465ee728b)  -> (artifact id: '4dd359c0d1d996f2d439bd806591d5a1') in 0.003862 seconds
  Import took 0.007027 seconds .

========================================================================
Received Import Request.
  Time since last request: 0.000183 seconds.
  path: Assets/Events/Adventurer Spawns/Not Shrek 1.asset
  artifactKey: Guid(64d4623cb01eace49b56cc85fbe0d7e0) Importer(815301076,1909f56bfc062723c751e8b465ee728b)
Start importing Assets/Events/Adventurer Spawns/Not Shrek 1.asset using Guid(64d4623cb01eace49b56cc85fbe0d7e0) Importer(815301076,1909f56bfc062723c751e8b465ee728b)  -> (artifact id: 'bf8413cd46ae898dfdfff4fcb3574b03') in 0.004366 seconds
  Import took 0.007856 seconds .

========================================================================
Received Import Request.
  Time since last request: 0.000210 seconds.
  path: Assets/Events/Adventurer Spawns/Kobolds 2.asset
  artifactKey: Guid(154f033a29b0516499565ad1ef0e6c93) Importer(815301076,1909f56bfc062723c751e8b465ee728b)
Start importing Assets/Events/Adventurer Spawns/Kobolds 2.asset using Guid(154f033a29b0516499565ad1ef0e6c93) Importer(815301076,1909f56bfc062723c751e8b465ee728b)  -> (artifact id: 'd551639b73d6f6d81345097227fed7ca') in 0.003727 seconds
  Import took 0.006418 seconds .

========================================================================
Received Import Request.
  Time since last request: 0.000179 seconds.
  path: Assets/Events/Adventurer Spawns/Not Shrek 2.asset
  artifactKey: Guid(dc4c163476c035249af7c73fd3519e69) Importer(815301076,1909f56bfc062723c751e8b465ee728b)
Start importing Assets/Events/Adventurer Spawns/Not Shrek 2.asset using Guid(dc4c163476c035249af7c73fd3519e69) Importer(815301076,1909f56bfc062723c751e8b465ee728b)  -> (artifact id: '7eacc6b1bc61e176055b164e744d448d') in 0.003294 seconds
  Import took 0.005910 seconds .

========================================================================
Received Import Request.
  Time since last request: 0.000150 seconds.
  path: Assets/Events/Adventurer Spawns/Holiday Heros.asset
  artifactKey: Guid(8c9cae4897d52e246b5385c09975859d) Importer(815301076,1909f56bfc062723c751e8b465ee728b)
Start importing Assets/Events/Adventurer Spawns/Holiday Heros.asset using Guid(8c9cae4897d52e246b5385c09975859d) Importer(815301076,1909f56bfc062723c751e8b465ee728b)  -> (artifact id: '31d528eaaf7dabb11cdc57c1143e9561') in 0.003182 seconds
  Import took 0.005897 seconds .

========================================================================
Received Import Request.
  Time since last request: 0.000181 seconds.
  path: Assets/Events/Adventurer Spawns/Street Urchins.asset
  artifactKey: Guid(d770cf52d81019340b3997844e7d72b9) Importer(815301076,1909f56bfc062723c751e8b465ee728b)
Start importing Assets/Events/Adventurer Spawns/Street Urchins.asset using Guid(d770cf52d81019340b3997844e7d72b9) Importer(815301076,1909f56bfc062723c751e8b465ee728b)  -> (artifact id: '54969a5ad185d880fb5b34565d74308e') in 0.003920 seconds
  Import took 0.007153 seconds .

========================================================================
Received Import Request.
  Time since last request: 0.000333 seconds.
  path: Assets/Events/Adventurer Spawns/Pier Pressure.asset
  artifactKey: Guid(73751d3ffe2510d4192ad1d558d38a2e) Importer(815301076,1909f56bfc062723c751e8b465ee728b)
Start importing Assets/Events/Adventurer Spawns/Pier Pressure.asset using Guid(73751d3ffe2510d4192ad1d558d38a2e) Importer(815301076,1909f56bfc062723c751e8b465ee728b)  -> (artifact id: '723722ba33a3325982932dc29c937321') in 0.008754 seconds
  Import took 0.013121 seconds .

========================================================================
Received Import Request.
  Time since last request: 0.000167 seconds.
  path: Assets/Events/Adventurer Spawns/Goat Man.asset
  artifactKey: Guid(4a41d687355c5774c992a8bbbb570148) Importer(815301076,1909f56bfc062723c751e8b465ee728b)
Start importing Assets/Events/Adventurer Spawns/Goat Man.asset using Guid(4a41d687355c5774c992a8bbbb570148) Importer(815301076,1909f56bfc062723c751e8b465ee728b)  -> (artifact id: 'ca5ca012871429f42db03540c64f332c') in 0.004431 seconds
  Import took 0.007673 seconds .

========================================================================
Received Import Request.
  Time since last request: 0.000212 seconds.
  path: Assets/Events/Adventurer Spawns/Fae.asset
  artifactKey: Guid(1f37d5a78fb9f2044aeee6bafbf5ddf8) Importer(815301076,1909f56bfc062723c751e8b465ee728b)
Start importing Assets/Events/Adventurer Spawns/Fae.asset using Guid(1f37d5a78fb9f2044aeee6bafbf5ddf8) Importer(815301076,1909f56bfc062723c751e8b465ee728b)  -> (artifact id: '192332e65d2c2472e5decea231f51f86') in 0.004187 seconds
  Import took 0.007258 seconds .

========================================================================
Received Import Request.
  Time since last request: 0.000203 seconds.
  path: Assets/Events/Adventurer Spawns/Lost and Found.asset
  artifactKey: Guid(a0c386ad17087144ca9cde3a4554a0a8) Importer(815301076,1909f56bfc062723c751e8b465ee728b)
Start importing Assets/Events/Adventurer Spawns/Lost and Found.asset using Guid(a0c386ad17087144ca9cde3a4554a0a8) Importer(815301076,1909f56bfc062723c751e8b465ee728b)  -> (artifact id: 'dc635a35e10d0c9a6ffcc4cf1dc8899c') in 0.004506 seconds
  Import took 0.008278 seconds .

========================================================================
Received Import Request.
  Time since last request: 0.000312 seconds.
  path: Assets/Events/Adventurer Spawns/Sasq-Watch.asset
  artifactKey: Guid(2ab5d1eae419b7543bb0a0f0f0d32386) Importer(815301076,1909f56bfc062723c751e8b465ee728b)
Start importing Assets/Events/Adventurer Spawns/Sasq-Watch.asset using Guid(2ab5d1eae419b7543bb0a0f0f0d32386) Importer(815301076,1909f56bfc062723c751e8b465ee728b)  -> (artifact id: '74f76e95ddb89cdb8acd2d985cf13175') in 0.004510 seconds
  Import took 0.008158 seconds .

========================================================================
Received Import Request.
  Time since last request: 14.513651 seconds.
  path: Assets/Events/Adventurer Spawns/Bee Team.asset
  artifactKey: Guid(9090ddf13b3546e4b897be0a86ed0c4d) Importer(815301076,1909f56bfc062723c751e8b465ee728b)
Start importing Assets/Events/Adventurer Spawns/Bee Team.asset using Guid(9090ddf13b3546e4b897be0a86ed0c4d) Importer(815301076,1909f56bfc062723c751e8b465ee728b)  -> (artifact id: '27a143968220901ad4f7bd113bf95b57') in 0.004481 seconds
  Import took 0.008244 seconds .

========================================================================
Received Import Request.
  Time since last request: 0.116312 seconds.
  path: Assets/Events/Adventurer Spawns/Bad Bard.asset
  artifactKey: Guid(6759791c339314e47b6f29e311ed7cc0) Importer(815301076,1909f56bfc062723c751e8b465ee728b)
Start importing Assets/Events/Adventurer Spawns/Bad Bard.asset using Guid(6759791c339314e47b6f29e311ed7cc0) Importer(815301076,1909f56bfc062723c751e8b465ee728b)  -> (artifact id: '5e683a4d0f73dade04ade13f4dbd4df1') in 0.004248 seconds
  Import took 0.008151 seconds .

========================================================================
Received Import Request.
  Time since last request: 10.898629 seconds.
  path: Assets/Events/Adventurer Spawns/The Chosen One (of Many).asset
  artifactKey: Guid(7de89236f47db4a42aabddfccb323bc9) Importer(815301076,1909f56bfc062723c751e8b465ee728b)
Start importing Assets/Events/Adventurer Spawns/The Chosen One (of Many).asset using Guid(7de89236f47db4a42aabddfccb323bc9) Importer(815301076,1909f56bfc062723c751e8b465ee728b)  -> (artifact id: 'c4a633081d80acaedde710e99c4a6095') in 0.003896 seconds
  Import took 0.007523 seconds .

========================================================================
Received Import Request.
  Time since last request: 0.044823 seconds.
  path: Assets/Events/Adventurer Spawns/The Drunken Master.asset
  artifactKey: Guid(73eb67b24d474c24195e697e694a1a45) Importer(815301076,1909f56bfc062723c751e8b465ee728b)
Start importing Assets/Events/Adventurer Spawns/The Drunken Master.asset using Guid(73eb67b24d474c24195e697e694a1a45) Importer(815301076,1909f56bfc062723c751e8b465ee728b)  -> (artifact id: 'f56d842c5dec3f72174de0748716965b') in 0.004007 seconds
  Import took 0.007698 seconds .

========================================================================
Received Import Request.
  Time since last request: 0.045859 seconds.
  path: Assets/Events/Adventurer Spawns/The Greatest Adventurers in the World.asset
  artifactKey: Guid(89e2654fb9dee1c468b7d798c18250a1) Importer(815301076,1909f56bfc062723c751e8b465ee728b)
Start importing Assets/Events/Adventurer Spawns/The Greatest Adventurers in the World.asset using Guid(89e2654fb9dee1c468b7d798c18250a1) Importer(815301076,1909f56bfc062723c751e8b465ee728b)  -> (artifact id: 'a83f768c54b594bb52d821045c0d7b32') in 0.004348 seconds
  Import took 0.008058 seconds .

========================================================================
Received Import Request.
  Time since last request: 0.504087 seconds.
  path: Assets/Events/Adventurer Spawns/Tragic Backstory.asset
  artifactKey: Guid(cf4df977f9d7f9f4591cd57d601f4719) Importer(815301076,1909f56bfc062723c751e8b465ee728b)
Start importing Assets/Events/Adventurer Spawns/Tragic Backstory.asset using Guid(cf4df977f9d7f9f4591cd57d601f4719) Importer(815301076,1909f56bfc062723c751e8b465ee728b)  -> (artifact id: '487092bcf72b0e52550dd540f2d9fae8') in 0.003749 seconds
  Import took 0.008056 seconds .

========================================================================
Received Import Request.
  Time since last request: 0.030494 seconds.
  path: Assets/Events/Adventurer Spawns/Trial by Monster.asset
  artifactKey: Guid(bbcad6b4c0451ad418a67d95029ec3a8) Importer(815301076,1909f56bfc062723c751e8b465ee728b)
Start importing Assets/Events/Adventurer Spawns/Trial by Monster.asset using Guid(bbcad6b4c0451ad418a67d95029ec3a8) Importer(815301076,1909f56bfc062723c751e8b465ee728b)  -> (artifact id: '33d3f2d9f5ce8203219f7f3718ba230f') in 0.004108 seconds
  Import took 0.007826 seconds .

========================================================================
Received Prepare
Registering precompiled user dll's ...
Registered in 0.003041 seconds.
Begin MonoManager ReloadAssembly
Native extension for WindowsStandalone target not found
Refreshing native plugins compatible for Editor in 0.96 ms, found 0 plugins.
Preloading 0 native plugins for Editor in 0.00 ms.
Invoked RoslynAnalysisRunner static constructor.
RoslynAnalysisRunner will not be running.
RoslynAnalysisRunner has terminated.
Mono: successfully reloaded assembly
- Completed reload, in  0.975 seconds
Platform modules already initialized, skipping
Refreshing native plugins compatible for Editor in 0.76 ms, found 0 plugins.
Preloading 0 native plugins for Editor in 0.00 ms.
Unloading 2144 Unused Serialized files (Serialized files now loaded: 0)
System memory in use before: 170.2 MB.
System memory in use after: 170.3 MB.

Unloading 9 unused Assets to reduce memory usage. Loaded Objects now: 2710.
Total: 2.751600 ms (FindLiveObjects: 0.372400 ms CreateObjectMapping: 0.076100 ms MarkObjects: 2.282700 ms  DeleteObjects: 0.019300 ms)

========================================================================
Received Prepare
Registering precompiled user dll's ...
Registered in 0.003728 seconds.
Begin MonoManager ReloadAssembly
Native extension for WindowsStandalone target not found
Refreshing native plugins compatible for Editor in 0.65 ms, found 0 plugins.
Preloading 0 native plugins for Editor in 0.00 ms.
Invoked RoslynAnalysisRunner static constructor.
RoslynAnalysisRunner will not be running.
RoslynAnalysisRunner has terminated.
Mono: successfully reloaded assembly
- Completed reload, in  0.786 seconds
Platform modules already initialized, skipping
Refreshing native plugins compatible for Editor in 0.65 ms, found 0 plugins.
Preloading 0 native plugins for Editor in 0.00 ms.
Unloading 2144 Unused Serialized files (Serialized files now loaded: 0)
System memory in use before: 170.3 MB.
System memory in use after: 170.4 MB.

Unloading 9 unused Assets to reduce memory usage. Loaded Objects now: 2712.
Total: 3.405500 ms (FindLiveObjects: 0.426700 ms CreateObjectMapping: 0.067200 ms MarkObjects: 2.884800 ms  DeleteObjects: 0.025100 ms)

========================================================================
Received Prepare
Registering precompiled user dll's ...
Registered in 0.004083 seconds.
Begin MonoManager ReloadAssembly
Native extension for WindowsStandalone target not found
Refreshing native plugins compatible for Editor in 1.23 ms, found 0 plugins.
Preloading 0 native plugins for Editor in 0.00 ms.
Invoked RoslynAnalysisRunner static constructor.
RoslynAnalysisRunner will not be running.
RoslynAnalysisRunner has terminated.
Mono: successfully reloaded assembly
- Completed reload, in  1.000 seconds
Platform modules already initialized, skipping
Refreshing native plugins compatible for Editor in 0.70 ms, found 0 plugins.
Preloading 0 native plugins for Editor in 0.00 ms.
Unloading 2144 Unused Serialized files (Serialized files now loaded: 0)
System memory in use before: 170.3 MB.
System memory in use after: 170.4 MB.

Unloading 9 unused Assets to reduce memory usage. Loaded Objects now: 2714.
Total: 3.599300 ms (FindLiveObjects: 0.367000 ms CreateObjectMapping: 0.058400 ms MarkObjects: 3.145900 ms  DeleteObjects: 0.026600 ms)

========================================================================
Received Import Request.
  Time since last request: 1201.582496 seconds.
  path: Assets/Prefabs/Building Types/Guild Hall.prefab
  artifactKey: Guid(1c0b4c7a5e780fb4bb0d76d8e3c8688f) Importer(815301076,1909f56bfc062723c751e8b465ee728b)
Start importing Assets/Prefabs/Building Types/Guild Hall.prefab using Guid(1c0b4c7a5e780fb4bb0d76d8e3c8688f) Importer(815301076,1909f56bfc062723c751e8b465ee728b)  -> (artifact id: 'b11efa3462f97c48958f5a13471ce24f') in 0.038085 seconds
  Import took 0.042929 seconds .

========================================================================
Received Import Request.
  Time since last request: 1.478611 seconds.
  path: Assets/Prefabs/Building Types/Starter Buildings
  artifactKey: Guid(83997e9bf4d860a4da0b8d6b5567de51) Importer(815301076,1909f56bfc062723c751e8b465ee728b)
Start importing Assets/Prefabs/Building Types/Starter Buildings using Guid(83997e9bf4d860a4da0b8d6b5567de51) Importer(815301076,1909f56bfc062723c751e8b465ee728b)  -> (artifact id: '5971a2d0254ab3521c27c86d28d26123') in 0.003206 seconds
  Import took 0.007126 seconds .

========================================================================
Received Import Request.
  Time since last request: 0.050028 seconds.
  path: Assets/Prefabs/Building Types/Starter Buildings
  artifactKey: Guid(83997e9bf4d860a4da0b8d6b5567de51) Importer(815301076,1909f56bfc062723c751e8b465ee728b)
Start importing Assets/Prefabs/Building Types/Starter Buildings using Guid(83997e9bf4d860a4da0b8d6b5567de51) Importer(815301076,1909f56bfc062723c751e8b465ee728b)  -> (artifact id: '5971a2d0254ab3521c27c86d28d26123') in 0.002631 seconds
  Import took 0.006450 seconds .

========================================================================
Received Import Request.
  Time since last request: 0.034140 seconds.
  path: Assets/Prefabs/Building Types/Starter Buildings/Alchemist's.prefab
  artifactKey: Guid(0e7797257452bd24681fdf3af5224a03) Importer(815301076,1909f56bfc062723c751e8b465ee728b)
Start importing Assets/Prefabs/Building Types/Starter Buildings/Alchemist's.prefab using Guid(0e7797257452bd24681fdf3af5224a03) Importer(815301076,1909f56bfc062723c751e8b465ee728b)  -> (artifact id: '789cbe702626a2cfac2864bc2d1a69db') in 0.007932 seconds
  Import took 0.012358 seconds .

========================================================================
Received Import Request.
  Time since last request: 0.000283 seconds.
  path: Assets/Prefabs/Building Types/Starter Buildings/Blacksmith's.prefab
  artifactKey: Guid(16433d4718343c348b92fa9800d33910) Importer(815301076,1909f56bfc062723c751e8b465ee728b)
Start importing Assets/Prefabs/Building Types/Starter Buildings/Blacksmith's.prefab using Guid(16433d4718343c348b92fa9800d33910) Importer(815301076,1909f56bfc062723c751e8b465ee728b)  -> (artifact id: 'd82e127158a28ef81a0898d98d44e75c') in 0.007738 seconds
  Import took 0.011821 seconds .

========================================================================
Received Import Request.
  Time since last request: 0.000233 seconds.
  path: Assets/Prefabs/Building Types/Starter Buildings/Inn.prefab
  artifactKey: Guid(71f2065bd812f8b45b65c5d68392e7db) Importer(815301076,1909f56bfc062723c751e8b465ee728b)
Start importing Assets/Prefabs/Building Types/Starter Buildings/Inn.prefab using Guid(71f2065bd812f8b45b65c5d68392e7db) Importer(815301076,1909f56bfc062723c751e8b465ee728b)  -> (artifact id: '136c71533c874243b63501794d89527e') in 0.009537 seconds
  Import took 0.013751 seconds .

========================================================================
Received Import Request.
  Time since last request: 0.000220 seconds.
  path: Assets/Prefabs/Building Types/Starter Buildings/Herbalist's.prefab
  artifactKey: Guid(da61adf06e0f49648a942f0e5a3848fb) Importer(815301076,1909f56bfc062723c751e8b465ee728b)
Start importing Assets/Prefabs/Building Types/Starter Buildings/Herbalist's.prefab using Guid(da61adf06e0f49648a942f0e5a3848fb) Importer(815301076,1909f56bfc062723c751e8b465ee728b)  -> (artifact id: 'f28cfc634209c09ffdf07f951c9cebb6') in 0.010374 seconds
  Import took 0.014323 seconds .

========================================================================
Received Import Request.
  Time since last request: 0.000241 seconds.
  path: Assets/Prefabs/Building Types/Starter Buildings/Guard Outpost.prefab
  artifactKey: Guid(80af1897525f14f47b8132fc14ddd745) Importer(815301076,1909f56bfc062723c751e8b465ee728b)
Start importing Assets/Prefabs/Building Types/Starter Buildings/Guard Outpost.prefab using Guid(80af1897525f14f47b8132fc14ddd745) Importer(815301076,1909f56bfc062723c751e8b465ee728b)  -> (artifact id: '2372add5e41057094a8d4ec48c484ee7') in 0.009031 seconds
  Import took 0.013383 seconds .

========================================================================
Received Import Request.
  Time since last request: 0.000242 seconds.
  path: Assets/Prefabs/Building Types/Starter Buildings/Tavern.prefab
  artifactKey: Guid(a6a242af6c33090409ba6ac88cfacc3e) Importer(815301076,1909f56bfc062723c751e8b465ee728b)
Start importing Assets/Prefabs/Building Types/Starter Buildings/Tavern.prefab using Guid(a6a242af6c33090409ba6ac88cfacc3e) Importer(815301076,1909f56bfc062723c751e8b465ee728b)  -> (artifact id: '602161501575dde41c7c5c2bb1bb1367') in 0.006228 seconds
  Import took 0.010085 seconds .

========================================================================
Received Import Request.
  Time since last request: 0.000207 seconds.
  path: Assets/Prefabs/Building Types/Starter Buildings/House.prefab
  artifactKey: Guid(aa460c1377cdf774fa158d57f986a7e5) Importer(815301076,1909f56bfc062723c751e8b465ee728b)
Start importing Assets/Prefabs/Building Types/Starter Buildings/House.prefab using Guid(aa460c1377cdf774fa158d57f986a7e5) Importer(815301076,1909f56bfc062723c751e8b465ee728b)  -> (artifact id: 'fcb7c1798e56fdbfc573304b06020db1') in 0.005817 seconds
  Import took 0.009315 seconds .

========================================================================
Received Import Request.
  Time since last request: 0.000208 seconds.
  path: Assets/Prefabs/Building Types/Starter Buildings/Farm.prefab
  artifactKey: Guid(334e3cc01e9d90849b10712ad0f8e699) Importer(815301076,1909f56bfc062723c751e8b465ee728b)
Start importing Assets/Prefabs/Building Types/Starter Buildings/Farm.prefab using Guid(334e3cc01e9d90849b10712ad0f8e699) Importer(815301076,1909f56bfc062723c751e8b465ee728b)  -> (artifact id: '8c1d8a3818a1058635b111621ce6d537') in 0.006481 seconds
  Import took 0.010096 seconds .

========================================================================
Received Import Request.
  Time since last request: 0.000193 seconds.
  path: Assets/Prefabs/Building Types/Starter Buildings/General Store.prefab
  artifactKey: Guid(bde05f1e782db32468a6858838bf7159) Importer(815301076,1909f56bfc062723c751e8b465ee728b)
Start importing Assets/Prefabs/Building Types/Starter Buildings/General Store.prefab using Guid(bde05f1e782db32468a6858838bf7159) Importer(815301076,1909f56bfc062723c751e8b465ee728b)  -> (artifact id: '31587d688e668cc04a04b23b1396cef0') in 0.005761 seconds
  Import took 0.009121 seconds .

========================================================================
Received Prepare
Registering precompiled user dll's ...
Registered in 0.002629 seconds.
Begin MonoManager ReloadAssembly
Native extension for WindowsStandalone target not found
Refreshing native plugins compatible for Editor in 0.65 ms, found 0 plugins.
Preloading 0 native plugins for Editor in 0.00 ms.
Invoked RoslynAnalysisRunner static constructor.
RoslynAnalysisRunner will not be running.
RoslynAnalysisRunner has terminated.
Mono: successfully reloaded assembly
- Completed reload, in  0.864 seconds
Platform modules already initialized, skipping
Refreshing native plugins compatible for Editor in 0.68 ms, found 0 plugins.
Preloading 0 native plugins for Editor in 0.00 ms.
Unloading 2144 Unused Serialized files (Serialized files now loaded: 0)
System memory in use before: 170.4 MB.
System memory in use after: 170.5 MB.

Unloading 9 unused Assets to reduce memory usage. Loaded Objects now: 2717.
Total: 2.609200 ms (FindLiveObjects: 0.317300 ms CreateObjectMapping: 0.058500 ms MarkObjects: 2.209300 ms  DeleteObjects: 0.022800 ms)

========================================================================
Received Prepare
Registering precompiled user dll's ...
Registered in 0.002583 seconds.
Begin MonoManager ReloadAssembly
Native extension for WindowsStandalone target not found
Refreshing native plugins compatible for Editor in 0.64 ms, found 0 plugins.
Preloading 0 native plugins for Editor in 0.00 ms.
Invoked RoslynAnalysisRunner static constructor.
RoslynAnalysisRunner will not be running.
RoslynAnalysisRunner has terminated.
Mono: successfully reloaded assembly
- Completed reload, in  0.776 seconds
Platform modules already initialized, skipping
Refreshing native plugins compatible for Editor in 0.64 ms, found 0 plugins.
Preloading 0 native plugins for Editor in 0.00 ms.
Unloading 2144 Unused Serialized files (Serialized files now loaded: 0)
System memory in use before: 170.4 MB.
System memory in use after: 170.5 MB.

Unloading 9 unused Assets to reduce memory usage. Loaded Objects now: 2719.
Total: 2.507200 ms (FindLiveObjects: 0.315000 ms CreateObjectMapping: 0.063000 ms MarkObjects: 2.107600 ms  DeleteObjects: 0.019900 ms)

========================================================================
Received Import Request.
  Time since last request: 33.595355 seconds.
  path: Assets/Prefabs/Building Types/Starter Buildings/Blacksmith's.prefab
  artifactKey: Guid(16433d4718343c348b92fa9800d33910) Importer(815301076,1909f56bfc062723c751e8b465ee728b)
Start importing Assets/Prefabs/Building Types/Starter Buildings/Blacksmith's.prefab using Guid(16433d4718343c348b92fa9800d33910) Importer(815301076,1909f56bfc062723c751e8b465ee728b)  -> (artifact id: 'ed4fbe3ff9de3d0b29073eb9335d8a03') in 0.031565 seconds
  Import took 0.035645 seconds .

========================================================================
Received Import Request.
  Time since last request: 0.000227 seconds.
  path: Assets/Prefabs/Building Types/Starter Buildings/Inn.prefab
  artifactKey: Guid(71f2065bd812f8b45b65c5d68392e7db) Importer(815301076,1909f56bfc062723c751e8b465ee728b)
Start importing Assets/Prefabs/Building Types/Starter Buildings/Inn.prefab using Guid(71f2065bd812f8b45b65c5d68392e7db) Importer(815301076,1909f56bfc062723c751e8b465ee728b)  -> (artifact id: 'cbc23c900b952c4c70b16b7987c9e325') in 0.005711 seconds
  Import took 0.008741 seconds .

========================================================================
Received Import Request.
  Time since last request: 0.000198 seconds.
  path: Assets/Prefabs/Building Types/Starter Buildings/Herbalist's.prefab
  artifactKey: Guid(da61adf06e0f49648a942f0e5a3848fb) Importer(815301076,1909f56bfc062723c751e8b465ee728b)
Start importing Assets/Prefabs/Building Types/Starter Buildings/Herbalist's.prefab using Guid(da61adf06e0f49648a942f0e5a3848fb) Importer(815301076,1909f56bfc062723c751e8b465ee728b)  -> (artifact id: '421e6bdcf46f91bf13e2ddc851a22808') in 0.006118 seconds
  Import took 0.009682 seconds .

========================================================================
Received Import Request.
  Time since last request: 0.000224 seconds.
  path: Assets/Prefabs/Building Types/Starter Buildings/Guard Outpost.prefab
  artifactKey: Guid(80af1897525f14f47b8132fc14ddd745) Importer(815301076,1909f56bfc062723c751e8b465ee728b)
Start importing Assets/Prefabs/Building Types/Starter Buildings/Guard Outpost.prefab using Guid(80af1897525f14f47b8132fc14ddd745) Importer(815301076,1909f56bfc062723c751e8b465ee728b)  -> (artifact id: '16c036feae44175aa326189af25e105f') in 0.005439 seconds
  Import took 0.009583 seconds .

========================================================================
Received Import Request.
  Time since last request: 0.000289 seconds.
  path: Assets/Prefabs/Building Types/Starter Buildings/Tavern.prefab
  artifactKey: Guid(a6a242af6c33090409ba6ac88cfacc3e) Importer(815301076,1909f56bfc062723c751e8b465ee728b)
Start importing Assets/Prefabs/Building Types/Starter Buildings/Tavern.prefab using Guid(a6a242af6c33090409ba6ac88cfacc3e) Importer(815301076,1909f56bfc062723c751e8b465ee728b)  -> (artifact id: '64617c7f438cae48b4378da2b5eec5f8') in 0.005488 seconds
  Import took 0.009011 seconds .

========================================================================
Received Import Request.
  Time since last request: 0.000236 seconds.
  path: Assets/Prefabs/Building Types/Starter Buildings/House.prefab
  artifactKey: Guid(aa460c1377cdf774fa158d57f986a7e5) Importer(815301076,1909f56bfc062723c751e8b465ee728b)
Start importing Assets/Prefabs/Building Types/Starter Buildings/House.prefab using Guid(aa460c1377cdf774fa158d57f986a7e5) Importer(815301076,1909f56bfc062723c751e8b465ee728b)  -> (artifact id: '3ae33ee9481e2458e6e575cecc0da6a7') in 0.005402 seconds
  Import took 0.009351 seconds .

========================================================================
Received Import Request.
  Time since last request: 0.000236 seconds.
  path: Assets/Prefabs/Building Types/Starter Buildings/Farm.prefab
  artifactKey: Guid(334e3cc01e9d90849b10712ad0f8e699) Importer(815301076,1909f56bfc062723c751e8b465ee728b)
Start importing Assets/Prefabs/Building Types/Starter Buildings/Farm.prefab using Guid(334e3cc01e9d90849b10712ad0f8e699) Importer(815301076,1909f56bfc062723c751e8b465ee728b)  -> (artifact id: '4d8de0da5e310fa0f91288f447974c53') in 0.005803 seconds
  Import took 0.009258 seconds .

========================================================================
Received Import Request.
  Time since last request: 0.000200 seconds.
  path: Assets/Prefabs/Building Types/Starter Buildings/Alchemist's.prefab
  artifactKey: Guid(0e7797257452bd24681fdf3af5224a03) Importer(815301076,1909f56bfc062723c751e8b465ee728b)
Start importing Assets/Prefabs/Building Types/Starter Buildings/Alchemist's.prefab using Guid(0e7797257452bd24681fdf3af5224a03) Importer(815301076,1909f56bfc062723c751e8b465ee728b)  -> (artifact id: '7108f82999ab6e8c30b9ce487fc52ae0') in 0.006249 seconds
  Import took 0.009415 seconds .

========================================================================
Received Import Request.
  Time since last request: 0.000217 seconds.
  path: Assets/Prefabs/Building Types/Starter Buildings/General Store.prefab
  artifactKey: Guid(bde05f1e782db32468a6858838bf7159) Importer(815301076,1909f56bfc062723c751e8b465ee728b)
Start importing Assets/Prefabs/Building Types/Starter Buildings/General Store.prefab using Guid(bde05f1e782db32468a6858838bf7159) Importer(815301076,1909f56bfc062723c751e8b465ee728b)  -> (artifact id: '4620ef6e0ab5092645c9921a3ef349e3') in 0.005590 seconds
  Import took 0.008637 seconds .

========================================================================
Received Import Request.
  Time since last request: 0.000244 seconds.
  path: Assets/Prefabs/Building Types/Starter Buildings/Farm.prefab
  artifactKey: Guid(334e3cc01e9d90849b10712ad0f8e699) Importer(815301076,1909f56bfc062723c751e8b465ee728b)
Start importing Assets/Prefabs/Building Types/Starter Buildings/Farm.prefab using Guid(334e3cc01e9d90849b10712ad0f8e699) Importer(815301076,1909f56bfc062723c751e8b465ee728b)  -> (artifact id: '4d8de0da5e310fa0f91288f447974c53') in 0.005534 seconds
  Import took 0.009280 seconds .

========================================================================
Received Import Request.
  Time since last request: 0.008047 seconds.
  path: Assets/Prefabs/Building Types/Starter Buildings/General Store.prefab
  artifactKey: Guid(bde05f1e782db32468a6858838bf7159) Importer(815301076,1909f56bfc062723c751e8b465ee728b)
Start importing Assets/Prefabs/Building Types/Starter Buildings/General Store.prefab using Guid(bde05f1e782db32468a6858838bf7159) Importer(815301076,1909f56bfc062723c751e8b465ee728b)  -> (artifact id: '4620ef6e0ab5092645c9921a3ef349e3') in 0.005760 seconds
  Import took 0.009258 seconds .

========================================================================
Received Import Request.
  Time since last request: 7.240431 seconds.
  path: Assets/Prefabs/Building Types/Starter Buildings/General Store.prefab
  artifactKey: Guid(bde05f1e782db32468a6858838bf7159) Importer(815301076,1909f56bfc062723c751e8b465ee728b)
Start importing Assets/Prefabs/Building Types/Starter Buildings/General Store.prefab using Guid(bde05f1e782db32468a6858838bf7159) Importer(815301076,1909f56bfc062723c751e8b465ee728b)  -> (artifact id: 'adf4651449067a14f606c2e306f881e0') in 0.006734 seconds
  Import took 0.011022 seconds .

========================================================================
Received Import Request.
  Time since last request: 0.022959 seconds.
  path: Assets/Prefabs/Building Types/Starter Buildings/General Store.prefab
  artifactKey: Guid(bde05f1e782db32468a6858838bf7159) Importer(815301076,1909f56bfc062723c751e8b465ee728b)
Start importing Assets/Prefabs/Building Types/Starter Buildings/General Store.prefab using Guid(bde05f1e782db32468a6858838bf7159) Importer(815301076,1909f56bfc062723c751e8b465ee728b)  -> (artifact id: 'adf4651449067a14f606c2e306f881e0') in 0.007060 seconds
  Import took 0.012038 seconds .

